timestamp: 2014-03-25T21:30:24.941182
CREATE TABLE auth_user(
    id INTEGER PRIMARY KEY AUTOINCREMENT,
    first_name CHAR(128),
    last_name CHAR(128),
    email CHAR(512),
    password CHAR(512),
    registration_key CHAR(512),
    reset_password_key CHAR(512),
    registration_id CHAR(512)
);
success!
timestamp: 2014-03-25T21:30:25.063757
CREATE TABLE auth_group(
    id INTEGER PRIMARY KEY AUTOINCREMENT,
    role CHAR(512),
    description TEXT
);
success!
timestamp: 2014-03-25T21:30:25.187981
CREATE TABLE auth_membership(
    id INTEGER PRIMARY KEY AUTOINCREMENT,
    user_id INTEGER REFERENCES auth_user (id) ON DELETE CASCADE,
    group_id INTEGER REFERENCES auth_group (id) ON DELETE CASCADE
);
success!
timestamp: 2014-03-25T21:30:25.289940
CREATE TABLE auth_permission(
    id INTEGER PRIMARY KEY AUTOINCREMENT,
    group_id INTEGER REFERENCES auth_group (id) ON DELETE CASCADE,
    name CHAR(512),
    table_name CHAR(512),
    record_id INTEGER
);
success!
timestamp: 2014-03-25T21:30:25.379816
CREATE TABLE auth_event(
    id INTEGER PRIMARY KEY AUTOINCREMENT,
    time_stamp TIMESTAMP,
    client_ip CHAR(512),
    user_id INTEGER REFERENCES auth_user (id) ON DELETE CASCADE,
    origin CHAR(512),
    description TEXT
);
success!
timestamp: 2014-03-25T21:30:25.480477
CREATE TABLE auth_cas(
    id INTEGER PRIMARY KEY AUTOINCREMENT,
    user_id INTEGER REFERENCES auth_user (id) ON DELETE CASCADE,
    created_on TIMESTAMP,
    service CHAR(512),
    ticket CHAR(512),
    renew CHAR(1)
);
success!
timestamp: 2014-04-03T00:30:25.465844
CREATE TABLE notes(
    id INTEGER PRIMARY KEY AUTOINCREMENT,
    title CHAR(200),
    description CHAR(2000),
    subject CHAR(512),
    pub_date TIMESTAMP
);
success!
timestamp: 2014-04-03T01:09:37.420967
CREATE TABLE raju(
    id INTEGER PRIMARY KEY AUTOINCREMENT,
    messages TEXT
);
success!
success!
timestamp: 2014-04-03T01:37:25.939883
ALTER TABLE raju ADD pub_date TIMESTAMP;
success!
success!
success!
success!
success!
