[2014-04-03 11:24:18] START
[2014-04-03 11:31:00] EDIT myapp/controllers/default.py: -1
[2014-04-03 11:34:04] EDIT myapp/controllers/default.py: 0
[2014-04-03 11:37:23] EDIT myapp/views/default/index.html: -25
[2014-04-03 11:44:40] EDIT myapp/views/default/index.html: 1
[2014-04-03 11:48:54] CREATE default/raju.html: 0
[2014-04-03 11:49:26] EDIT myapp/views/default/raju.html: 5
[2014-04-03 11:50:14] EDIT myapp/controllers/default.py: 6
[2014-04-03 11:53:03] EDIT myapp/controllers/default.py: 3
[2014-04-03 11:57:27] CREATE default/first.html: 0
[2014-04-03 11:57:34] CREATE default/second.html: 0
[2014-04-03 11:58:11] EDIT myapp/views/default/first.html: 4
[2014-04-03 11:58:38] EDIT myapp/views/default/second.html: 0
[2014-04-03 11:59:15] EDIT myapp/controllers/default.py: 4
[2014-04-03 12:02:46] EDIT myapp/controllers/default.py: 3
[2014-04-03 12:03:16] EDIT myapp/views/default/index.html: -1
[2014-04-03 12:04:37] EDIT myapp/views/default/first.html: 0
[2014-04-03 12:09:30] EDIT myapp/models/db.py: 4
[2014-04-03 12:10:31] EDIT myapp/models/db.py: 11
[2014-04-03 12:15:13] EDIT myapp/models/db.py: 1
[2014-04-03 12:20:15] EDIT myapp/controllers/default.py: 3
[2014-04-03 12:20:47] EDIT myapp/views/default/raju.html: 0
[2014-04-03 12:23:25] EDIT myapp/views/default/raju.html: 4
