[2014-04-07 17:54:51] START
[2014-04-07 17:56:33] CREATE default/homepage.html: 0
[2014-04-07 17:57:15] EDIT project/controllers/default.py: 2
[2014-04-07 17:57:34] EDIT project/views/default/homepage.html: -1
[2014-04-07 17:58:10] EDIT project/controllers/default.py: 2
[2014-04-07 17:59:28] EDIT project/views/default/index.html: 0
[2014-04-07 18:01:56] EDIT project/views/default/homepage.html: 104
[2014-04-07 18:08:43] EDIT project/views/layout.html: -34
[2014-04-07 18:09:59] EDIT project/views/layout.html: -12
[2014-04-07 18:10:56] EDIT project/views/default/homepage.html: 0
[2014-04-07 18:11:57] EDIT project/views/default/homepage.html: 0
[2014-04-07 18:14:04] EDIT project/controllers/default.py: 0
[2014-04-07 18:18:29] EDIT project/controllers/default.py: 1
[2014-04-07 18:25:25] EDIT project/controllers/default.py: 1
[2014-04-07 18:27:27] EDIT project/views/default/homepage.html: 1
[2014-04-07 18:29:01] EDIT project/views/default/homepage.html: 0
[2014-04-07 18:29:13] EDIT project/controllers/default.py: 0
[2014-04-07 18:29:39] EDIT project/views/default/homepage.html: 0
[2014-04-07 18:33:05] EDIT project/controllers/default.py: 0
[2014-04-07 18:34:45] EDIT project/controllers/default.py: 0
[2014-04-07 18:35:19] EDIT project/controllers/default.py: -1
[2014-04-07 18:35:47] EDIT project/views/default/homepage.html: -1
[2014-04-07 18:37:31] EDIT project/views/default/index.html: -12
[2014-04-07 18:39:08] EDIT project/views/default/index.html: -8
[2014-04-07 18:40:02] EDIT project/views/default/index.html: 23
[2014-04-07 18:40:22] EDIT project/views/default/index.html: -1
[2014-04-07 18:41:10] EDIT project/views/default/index.html: -8
[2014-04-07 18:42:45] EDIT project/views/default/index.html: 80
[2014-04-07 18:44:33] EDIT project/controllers/default.py: 3
[2014-04-07 18:46:02] EDIT project/views/default/index.html: 2
[2014-04-07 18:47:10] EDIT project/views/default/index.html: 2
[2014-04-07 18:50:54] EDIT project/controllers/default.py: 0
[2014-04-07 18:53:00] EDIT project/views/default/index.html: -3
[2014-04-07 18:59:46] EDIT project/models/db.py: 5
[2014-04-07 19:06:48] EDIT project/controllers/default.py: 3
[2014-04-07 19:07:42] CREATE default/index1.html: 0
