[2014-03-25 00:49:18] START
[2014-03-25 00:49:18] CREATE trail.html: 0
[2014-03-25 00:49:37] EDIT welcome/views/trail.html: -2
[2014-03-25 00:53:40] EDIT welcome/views/trail.html: 104
[2014-03-25 00:55:43] EDIT welcome/views/default/index.html: 71
[2014-03-25 01:00:22] EDIT welcome/controllers/default.py: 0
[2014-03-25 01:02:46] EDIT welcome/views/layout.html: -149
[2014-03-25 01:03:53] EDIT welcome/views/layout.html: 149
[2014-03-25 13:23:30] EDIT welcome/views/default/user.html: 2
[2014-03-25 13:25:09] EDIT welcome/views/default/user.html: 0
[2014-03-25 13:26:17] EDIT welcome/views/default/user.html: 0
[2014-03-25 13:26:55] EDIT welcome/views/default/user.html: 0
[2014-03-25 13:27:43] EDIT welcome/views/default/user.html: 0
[2014-03-25 13:28:27] EDIT welcome/views/default/user.html: 0
[2014-03-25 13:28:46] EDIT welcome/views/default/user.html: 0
[2014-03-25 13:29:32] EDIT welcome/views/default/user.html: 0
[2014-03-25 13:30:21] EDIT welcome/views/default/user.html: 2
[2014-03-25 13:31:18] EDIT welcome/views/default/user.html: 0
[2014-03-25 13:32:49] EDIT welcome/views/default/user.html: 1
[2014-03-25 13:34:23] EDIT welcome/controllers/default.py: 0
[2014-03-25 13:35:18] EDIT welcome/views/default/user.html: 2
[2014-03-25 13:44:06] EDIT welcome/views/default/index.html: 0
[2014-03-25 13:45:50] EDIT welcome/views/default/index.html: 1
[2014-03-25 13:46:51] EDIT welcome/controllers/default.py: 0
[2014-03-25 13:56:27] EDIT welcome/views/default/index.html: 0
[2014-03-25 13:58:04] CREATE kaja.html: 0
[2014-03-25 14:04:11] EDIT welcome/views/kaja.html: 10
[2014-03-25 14:04:39] EDIT welcome/views/default/index.html: 0
[2014-03-25 14:05:57] EDIT welcome/views/kaja.html: 0
[2014-03-25 14:06:35] EDIT welcome/views/default/index.html: 0
[2014-03-25 14:08:05] EDIT welcome/controllers/default.py: 2
[2014-03-25 14:09:21] EDIT welcome/controllers/default.py: 0
[2014-03-25 14:10:30] EDIT welcome/controllers/default.py: 1
[2014-03-25 14:12:05] EDIT welcome/views/kaja.html: -1
[2014-03-25 21:10:00] CREATE temp.html: 0
[2014-03-25 21:14:34] EDIT welcome/views/temp.html: 129
[2014-03-25 21:15:18] CREATE temp1.html: 0
[2014-03-25 21:15:39] EDIT welcome/views/temp1.html: 148
[2014-03-25 21:16:18] EDIT welcome/views/layout.html: -14
[2014-03-25 21:18:30] EDIT welcome/views/layout.html: -13
[2014-03-25 21:19:32] EDIT welcome/views/layout.html: -21
[2014-03-25 21:20:10] EDIT welcome/views/layout.html: 0
[2014-03-25 21:21:58] EDIT welcome/views/layout.html: -40
[2014-03-25 21:23:47] EDIT welcome/views/layout.html: 16
[2014-03-25 21:24:35] EDIT welcome/views/layout.html: 1
[2014-03-25 21:26:52] EDIT welcome/views/layout.html: 11
[2014-03-25 21:28:07] EDIT welcome/views/layout.html: 59
[2014-03-25 21:28:33] EDIT welcome/views/layout.html: -12
[2014-03-25 21:29:02] EDIT welcome/views/layout.html: -21
[2014-03-25 21:29:19] EDIT welcome/views/layout.html: -13
[2014-03-25 21:35:52] EDIT welcome/views/layout.html: -27
[2014-03-25 21:36:01] EDIT welcome/views/layout.html: 27
[2014-03-25 21:42:01] EDIT welcome/views/kaja.html: 0
[2014-03-25 21:43:33] EDIT welcome/controllers/default.py: -1
[2014-03-25 21:47:14] EDIT welcome/views/layout.html: -1
[2014-03-25 21:47:15] EDIT welcome/views/layout.html: 0
[2014-03-25 21:47:15] EDIT welcome/views/layout.html: 0
[2014-03-25 21:47:15] EDIT welcome/views/layout.html: 0
[2014-03-25 21:47:15] EDIT welcome/views/layout.html: 0
[2014-03-25 21:47:15] EDIT welcome/views/layout.html: 0
[2014-03-25 21:47:15] EDIT welcome/views/layout.html: 0
[2014-03-25 21:47:15] EDIT welcome/views/layout.html: 0
[2014-03-25 21:47:15] EDIT welcome/views/layout.html: 0
[2014-03-25 21:47:15] EDIT welcome/views/layout.html: 0
[2014-03-25 21:47:15] EDIT welcome/views/layout.html: 0
[2014-03-25 21:47:15] EDIT welcome/views/layout.html: 0
[2014-03-25 21:47:15] EDIT welcome/views/layout.html: 0
[2014-03-25 21:47:15] EDIT welcome/views/layout.html: 0
[2014-03-25 21:47:15] EDIT welcome/views/layout.html: 0
[2014-03-25 21:47:15] EDIT welcome/views/layout.html: 0
[2014-03-25 21:47:15] EDIT welcome/views/layout.html: 0
[2014-03-25 21:47:15] EDIT welcome/views/layout.html: 0
[2014-03-25 21:47:15] EDIT welcome/views/layout.html: 0
[2014-03-25 21:47:15] EDIT welcome/views/layout.html: 0
[2014-03-25 21:47:15] EDIT welcome/views/layout.html: 0
[2014-03-25 21:47:24] EDIT welcome/views/layout.html: 0
[2014-03-25 21:50:12] CREATE default/x.html: 0
[2014-03-25 21:56:40] EDIT welcome/views/default/x.html: 6
[2014-03-25 21:57:08] EDIT welcome/controllers/default.py: 2
[2014-03-25 22:05:08] EDIT welcome/views/default/x.html: 3
[2014-03-25 22:12:31] EDIT welcome/views/default/x.html: 4
[2014-03-25 22:18:53] EDIT welcome/views/default/x.html: 0
[2014-03-26 13:24:56] EDIT welcome/views/default/index.html: 0
[2014-03-26 13:25:40] EDIT welcome/controllers/default.py: 2
[2014-03-30 17:11:53] EDIT welcome/views/default/index.html: 0
[2014-04-07 00:54:16] EDIT welcome/controllers/default.py: 0
[2014-04-07 00:54:59] EDIT welcome/controllers/default.py: 0
[2014-04-07 00:55:31] EDIT welcome/controllers/default.py: 1
[2014-04-07 18:04:02] EDIT welcome/controllers/default.py: 0
