[2014-04-15 03:49:07] START
[2014-04-15 03:50:18] EDIT slideshow/controllers/default.py: -1
[2014-04-15 03:50:59] EDIT slideshow/views/default/index.html: -9
[2014-04-15 03:54:25] CREATE default/first.html: 0
[2014-04-15 03:55:56] EDIT slideshow/views/default/first.html: 104
[2014-04-15 03:56:16] EDIT slideshow/controllers/default.py: 2
[2014-04-15 03:56:44] EDIT slideshow/views/default/first.html: 0
[2014-04-15 03:57:38] EDIT slideshow/views/default/first.html: -2
[2014-04-15 04:00:24] EDIT slideshow/controllers/default.py: 0
[2014-04-15 04:04:30] EDIT slideshow/views/layout.html: -13
[2014-04-15 04:09:17] EDIT slideshow/controllers/default.py: 0
[2014-04-15 04:23:57] EDIT slideshow/models/db.py: 2
[2014-04-15 04:24:19] EDIT slideshow/controllers/default.py: 0
[2014-04-15 04:26:55] EDIT slideshow/views/layout.html: -12
[2014-04-15 04:41:32] CREATE js/test.js: 0
[2014-04-15 04:41:56] EDIT slideshow/static/js/test.js: 90
[2014-04-15 04:42:18] CREATE default/second.html: 0
[2014-04-15 04:44:18] EDIT slideshow/views/default/second.html: 19
[2014-04-15 04:44:58] EDIT slideshow/views/default/second.html: 1
[2014-04-15 04:45:23] EDIT slideshow/controllers/default.py: 2
[2014-04-15 05:11:26] EDIT slideshow/models/db.py: 5
[2014-04-15 05:18:04] EDIT slideshow/controllers/default.py: 14
[2014-04-15 05:18:39] CREATE default/show.html: 0
[2014-04-15 05:18:52] EDIT slideshow/views/default/show.html: 19
[2014-04-15 05:19:23] EDIT slideshow/controllers/default.py: 0
[2014-04-15 05:21:52] EDIT slideshow/controllers/default.py: 0
[2014-04-15 05:22:10] EDIT slideshow/controllers/default.py: 0
[2014-04-15 05:31:19] EDIT slideshow/views/default/first.html: 0
[2014-04-15 06:24:55] EDIT slideshow/controllers/default.py: 2
[2014-04-15 06:25:10] CREATE default/anil.html: 0
[2014-04-15 06:25:43] EDIT slideshow/views/default/anil.html: 0
[2014-04-15 06:26:04] EDIT slideshow/views/default/anil.html: 0
[2014-04-15 06:44:18] EDIT slideshow/views/default/second.html: 0
[2014-04-15 06:57:34] EDIT slideshow/views/default/second.html: 0
[2014-04-15 06:58:59] EDIT slideshow/views/default/second.html: 0
[2014-04-15 06:59:57] EDIT slideshow/views/default/second.html: 0
[2014-04-15 07:06:10] EDIT slideshow/views/default/second.html: -1
[2014-04-15 07:15:58] EDIT slideshow/models/db.py: 0
[2014-04-15 07:28:49] EDIT slideshow/models/db.py: -1
[2014-04-15 07:30:11] EDIT slideshow/models/db.py: 1
[2014-04-15 07:46:18] EDIT slideshow/controllers/default.py: -10
[2014-04-15 07:46:49] EDIT slideshow/controllers/default.py: -1
[2014-04-15 07:52:12] EDIT slideshow/controllers/default.py: 1
[2014-04-15 07:54:53] EDIT slideshow/views/default/anil.html: -1
[2014-04-15 07:57:51] EDIT slideshow/controllers/default.py: 2
[2014-04-15 07:58:21] EDIT slideshow/views/default/show.html: -20
[2014-04-15 08:00:50] EDIT slideshow/controllers/default.py: -1
[2014-04-15 08:01:10] EDIT slideshow/views/default/show.html: 15
[2014-04-15 08:12:55] EDIT slideshow/controllers/default.py: 1
[2014-04-15 08:13:47] EDIT slideshow/controllers/default.py: 0
[2014-04-15 08:14:19] EDIT slideshow/views/default/show.html: -9
[2014-04-15 08:14:31] EDIT slideshow/views/default/show.html: 0
[2014-04-15 08:15:26] EDIT slideshow/controllers/default.py: 0
[2014-04-15 08:16:41] EDIT slideshow/views/default/show.html: 1
[2014-04-15 08:17:06] EDIT slideshow/controllers/default.py: 0
[2014-04-15 08:17:52] EDIT slideshow/controllers/default.py: 0
[2014-04-15 08:18:10] EDIT slideshow/views/default/show.html: 0
[2014-04-15 08:18:36] EDIT slideshow/views/default/show.html: -1
[2014-04-15 08:19:38] EDIT slideshow/views/default/show.html: 1
[2014-04-15 08:20:06] EDIT slideshow/views/default/show.html: 0
[2014-04-15 08:26:07] EDIT slideshow/views/default/first.html: 0
[2014-04-15 08:26:41] EDIT slideshow/views/default/anil.html: 7
[2014-04-15 08:27:09] EDIT slideshow/views/default/anil.html: -7
[2014-04-15 08:27:57] EDIT slideshow/views/default/first.html: 0
[2014-04-16 04:44:26] CREATE js/test1.js: 0
[2014-04-16 04:45:12] EDIT slideshow/views/default/show.html: 0
[2014-04-16 04:45:51] EDIT slideshow/views/default/show.html: 1
[2014-04-16 04:57:03] EDIT slideshow/static/js/test1.js: 10
[2014-04-16 04:57:26] CREATE default/test.html: 0
[2014-04-16 05:00:18] EDIT slideshow/views/default/test.html: 10
[2014-04-16 05:00:53] EDIT slideshow/controllers/default.py: 2
[2014-04-16 05:01:53] EDIT slideshow/views/default/test.html: 0
[2014-04-16 05:02:00] EDIT slideshow/views/default/test.html: 0
[2014-04-16 05:02:59] EDIT slideshow/views/default/test.html: 0
[2014-04-16 05:04:07] EDIT slideshow/views/default/test.html: 1
[2014-04-16 05:08:17] EDIT slideshow/views/default/show.html: 4
[2014-04-16 05:11:43] EDIT slideshow/views/default/show.html: 0
[2014-04-16 05:12:27] EDIT slideshow/views/default/show.html: -1
[2014-04-16 05:15:41] EDIT slideshow/views/default/show.html: 2
[2014-04-16 05:17:35] EDIT slideshow/views/default/show.html: 0
[2014-04-16 05:23:17] EDIT slideshow/views/default/show.html: 0
[2014-04-16 05:39:08] EDIT slideshow/views/default/show.html: 0
